2026-02-03 21:59:03,144 - INFO - User Registered: john@gmail.com
2026-02-03 22:00:31,204 - INFO - User Logged In: john@gmail.com
2026-02-03 22:02:24,010 - INFO - Reset token generated for john@gmail.com
2026-02-03 22:02:30,411 - INFO - Reset token generated for john@gmail.com
2026-02-03 22:03:03,627 - INFO - Reset token generated for john@gmail.com
2026-02-03 22:05:13,401 - INFO - Reset token generated for john@gmail.com
2026-02-03 22:07:25,347 - INFO - Password reset for john@gmail.com
2026-02-03 22:18:32,632 - INFO - User Registered: john@gmail.com
2026-02-03 22:19:38,601 - INFO - User Logged In: john@gmail.com
2026-02-03 22:20:46,137 - INFO - User Logged In: john@gmail.com
2026-02-03 22:21:42,934 - INFO - Reset token generated for john@gmail.com
2026-02-03 22:22:40,009 - INFO - Password reset for john@gmail.com
2026-02-03 22:37:16,459 - INFO - User Registered: john@gmail.com
2026-02-03 22:38:07,351 - INFO - User Logged In: john@gmail.com
2026-02-03 22:38:58,151 - INFO - Reset token generated for john@gmail.com
2026-02-03 22:39:55,397 - INFO - Password reset for john@gmail.com
2026-02-03 22:45:04,451 - INFO - Reset token generated for john@gmail.com
2026-02-03 22:47:14,723 - INFO - User Registered: john1@gmail.com
2026-02-04 15:57:10,253 - INFO - Health check called
2026-02-04 16:01:00,575 - INFO - User registered: ser@gmail.com
2026-02-04 16:03:51,936 - WARNING - Invalid login attempt: john1@gmail.com
2026-02-04 16:06:05,652 - WARNING - Invalid reset token used
2026-02-04 16:12:24,696 - INFO - Reset token generated for: ser@gmail.com
2026-02-04 16:12:59,358 - INFO - Password reset successful for: ser@gmail.com
2026-02-04 19:12:20,017 - INFO - Health check called
2026-02-04 19:14:01,355 - INFO - User registered: hey@example.com
2026-02-04 19:14:43,574 - INFO - User logged in: hey@example.com
2026-02-04 19:15:00,139 - WARNING - Invalid login attempt: hey1@example.com
2026-02-04 19:15:26,630 - INFO - Reset token generated for: hey@example.com
2026-02-04 19:16:05,763 - INFO - Password reset successful for: hey@example.com
2026-02-04 19:18:06,583 - INFO - User logged in: hey@example.com
2026-02-04 19:20:56,672 - INFO - Profile accessed by: hey@example.com
2026-02-04 19:21:16,818 - INFO - Debug tokens viewed
2026-02-05 06:31:53,553 - INFO - Health check called
2026-02-05 06:32:40,596 - INFO - Health check called
2026-02-05 09:40:35,229 - INFO - Health check called
2026-02-05 14:08:13,973 - INFO - Health check called
2026-02-05 15:04:31,543 - INFO - User registered abc@gmail.com
2026-02-05 15:22:36,236 - INFO - User registered dikshitha@gmail.com
2026-02-05 16:02:32,750 - INFO - User registered test@example.com
2026-02-05 16:02:32,752 - INFO - HTTP Request: POST http://testserver/register "HTTP/1.1 200 OK"
2026-02-05 16:02:32,761 - INFO - HTTP Request: POST http://testserver/login "HTTP/1.1 200 OK"
2026-02-05 16:02:32,771 - INFO - HTTP Request: POST http://testserver/login "HTTP/1.1 200 OK"
2026-02-05 16:02:32,780 - INFO - HTTP Request: POST http://testserver/notes "HTTP/1.1 200 OK"
2026-02-05 16:02:32,789 - INFO - HTTP Request: POST http://testserver/login "HTTP/1.1 200 OK"
2026-02-05 16:02:32,794 - INFO - HTTP Request: GET http://testserver/notes "HTTP/1.1 200 OK"
2026-02-05 16:03:29,670 - INFO - HTTP Request: POST http://testserver/register "HTTP/1.1 400 Bad Request"
2026-02-05 16:03:29,986 - INFO - HTTP Request: POST http://testserver/login "HTTP/1.1 200 OK"
2026-02-05 16:03:29,997 - INFO - HTTP Request: POST http://testserver/login "HTTP/1.1 200 OK"
2026-02-05 16:03:30,008 - INFO - HTTP Request: POST http://testserver/notes "HTTP/1.1 200 OK"
2026-02-05 16:03:30,018 - INFO - HTTP Request: POST http://testserver/login "HTTP/1.1 200 OK"
2026-02-05 16:03:30,025 - INFO - HTTP Request: GET http://testserver/notes "HTTP/1.1 200 OK"
2026-02-05 16:03:30,038 - INFO - User registered reset@example.com
2026-02-05 16:03:30,040 - INFO - HTTP Request: POST http://testserver/register "HTTP/1.1 200 OK"
2026-02-05 16:03:30,051 - INFO - HTTP Request: POST http://testserver/forgot-password "HTTP/1.1 200 OK"
2026-02-05 16:03:30,061 - INFO - HTTP Request: POST http://testserver/reset-password "HTTP/1.1 200 OK"
2026-02-05 16:03:30,069 - INFO - HTTP Request: POST http://testserver/login "HTTP/1.1 200 OK"
2026-02-05 16:05:52,611 - INFO - HTTP Request: POST http://testserver/register "HTTP/1.1 400 Bad Request"
2026-02-05 16:05:52,857 - INFO - HTTP Request: POST http://testserver/login "HTTP/1.1 200 OK"
2026-02-05 16:05:52,865 - INFO - HTTP Request: POST http://testserver/login "HTTP/1.1 200 OK"
2026-02-05 16:05:52,879 - INFO - HTTP Request: POST http://testserver/notes "HTTP/1.1 200 OK"
2026-02-05 16:05:52,897 - INFO - HTTP Request: POST http://testserver/login "HTTP/1.1 200 OK"
2026-02-05 16:05:52,919 - INFO - HTTP Request: GET http://testserver/notes "HTTP/1.1 200 OK"
2026-02-05 16:05:52,966 - INFO - User registered wrongpass@example.com
2026-02-05 16:05:52,973 - INFO - HTTP Request: POST http://testserver/register "HTTP/1.1 200 OK"
2026-02-05 16:05:52,999 - INFO - HTTP Request: POST http://testserver/login "HTTP/1.1 401 Unauthorized"
2026-02-05 16:06:13,350 - INFO - HTTP Request: POST http://testserver/register "HTTP/1.1 400 Bad Request"
2026-02-05 16:06:13,530 - INFO - HTTP Request: POST http://testserver/login "HTTP/1.1 200 OK"
2026-02-05 16:06:13,542 - INFO - HTTP Request: POST http://testserver/login "HTTP/1.1 200 OK"
2026-02-05 16:06:13,553 - INFO - HTTP Request: POST http://testserver/notes "HTTP/1.1 200 OK"
2026-02-05 16:06:13,564 - INFO - HTTP Request: POST http://testserver/login "HTTP/1.1 200 OK"
2026-02-05 16:06:13,571 - INFO - HTTP Request: GET http://testserver/notes "HTTP/1.1 200 OK"
2026-02-05 16:06:56,486 - INFO - HTTP Request: POST http://testserver/register "HTTP/1.1 400 Bad Request"
2026-02-05 16:06:56,649 - INFO - HTTP Request: POST http://testserver/login "HTTP/1.1 200 OK"
2026-02-05 16:06:56,664 - INFO - HTTP Request: POST http://testserver/login "HTTP/1.1 200 OK"
2026-02-05 16:06:56,679 - INFO - HTTP Request: POST http://testserver/notes "HTTP/1.1 200 OK"
2026-02-05 16:06:56,692 - INFO - HTTP Request: POST http://testserver/login "HTTP/1.1 200 OK"
2026-02-05 16:06:56,700 - INFO - HTTP Request: GET http://testserver/notes "HTTP/1.1 200 OK"
2026-02-05 16:07:20,015 - INFO - HTTP Request: POST http://testserver/register "HTTP/1.1 400 Bad Request"
2026-02-05 16:07:20,254 - INFO - HTTP Request: POST http://testserver/login "HTTP/1.1 200 OK"
2026-02-05 16:07:20,266 - INFO - HTTP Request: POST http://testserver/login "HTTP/1.1 200 OK"
2026-02-05 16:07:20,276 - INFO - HTTP Request: POST http://testserver/notes "HTTP/1.1 200 OK"
2026-02-05 16:07:20,289 - INFO - HTTP Request: POST http://testserver/login "HTTP/1.1 200 OK"
2026-02-05 16:07:20,302 - INFO - HTTP Request: GET http://testserver/notes "HTTP/1.1 200 OK"
2026-02-05 16:07:29,702 - INFO - HTTP Request: POST http://testserver/register "HTTP/1.1 400 Bad Request"
2026-02-05 16:07:29,856 - INFO - HTTP Request: POST http://testserver/login "HTTP/1.1 200 OK"
2026-02-05 16:07:29,870 - INFO - HTTP Request: POST http://testserver/login "HTTP/1.1 200 OK"
2026-02-05 16:07:29,892 - INFO - HTTP Request: POST http://testserver/notes "HTTP/1.1 200 OK"
2026-02-05 16:07:29,914 - INFO - HTTP Request: POST http://testserver/login "HTTP/1.1 200 OK"
2026-02-05 16:07:29,923 - INFO - HTTP Request: GET http://testserver/notes "HTTP/1.1 200 OK"
2026-02-05 16:07:48,626 - INFO - HTTP Request: POST http://testserver/register "HTTP/1.1 400 Bad Request"
2026-02-05 16:07:48,793 - INFO - HTTP Request: POST http://testserver/login "HTTP/1.1 200 OK"
2026-02-05 16:07:48,809 - INFO - HTTP Request: POST http://testserver/login "HTTP/1.1 200 OK"
2026-02-05 16:07:48,820 - INFO - HTTP Request: POST http://testserver/notes "HTTP/1.1 200 OK"
2026-02-05 16:07:48,849 - INFO - HTTP Request: POST http://testserver/login "HTTP/1.1 200 OK"
2026-02-05 16:07:48,868 - INFO - HTTP Request: GET http://testserver/notes "HTTP/1.1 200 OK"
2026-02-05 16:08:14,146 - INFO - HTTP Request: POST http://testserver/register "HTTP/1.1 400 Bad Request"
2026-02-05 16:08:14,190 - INFO - HTTP Request: POST http://testserver/login "HTTP/1.1 200 OK"
2026-02-05 16:08:14,478 - INFO - HTTP Request: POST http://testserver/login "HTTP/1.1 200 OK"
2026-02-05 16:08:14,522 - INFO - HTTP Request: POST http://testserver/notes "HTTP/1.1 200 OK"
2026-02-05 16:08:14,555 - INFO - HTTP Request: POST http://testserver/login "HTTP/1.1 200 OK"
2026-02-05 16:08:14,588 - INFO - HTTP Request: GET http://testserver/notes "HTTP/1.1 200 OK"
2026-02-05 16:08:41,576 - INFO - HTTP Request: POST http://testserver/register "HTTP/1.1 400 Bad Request"
2026-02-05 16:08:41,585 - INFO - HTTP Request: POST http://testserver/login "HTTP/1.1 200 OK"
2026-02-05 16:08:41,763 - INFO - HTTP Request: POST http://testserver/login "HTTP/1.1 200 OK"
2026-02-05 16:08:41,772 - INFO - HTTP Request: POST http://testserver/notes "HTTP/1.1 200 OK"
2026-02-05 16:08:41,781 - INFO - HTTP Request: POST http://testserver/login "HTTP/1.1 200 OK"
2026-02-05 16:08:41,791 - INFO - HTTP Request: GET http://testserver/notes "HTTP/1.1 200 OK"
2026-02-05 16:08:56,138 - INFO - HTTP Request: POST http://testserver/register "HTTP/1.1 400 Bad Request"
2026-02-05 16:08:56,147 - INFO - HTTP Request: POST http://testserver/login "HTTP/1.1 200 OK"
2026-02-05 16:08:56,305 - INFO - HTTP Request: POST http://testserver/login "HTTP/1.1 200 OK"
2026-02-05 16:08:56,314 - INFO - HTTP Request: POST http://testserver/notes "HTTP/1.1 200 OK"
2026-02-05 16:08:56,329 - INFO - HTTP Request: POST http://testserver/login "HTTP/1.1 200 OK"
2026-02-05 16:08:56,339 - INFO - HTTP Request: GET http://testserver/notes "HTTP/1.1 200 OK"
2026-02-05 16:10:03,852 - INFO - HTTP Request: POST http://testserver/register "HTTP/1.1 400 Bad Request"
2026-02-05 16:10:03,861 - INFO - HTTP Request: POST http://testserver/login "HTTP/1.1 200 OK"
2026-02-05 16:10:04,006 - INFO - HTTP Request: POST http://testserver/login "HTTP/1.1 200 OK"
2026-02-05 16:10:04,013 - INFO - HTTP Request: POST http://testserver/notes "HTTP/1.1 200 OK"
2026-02-05 16:10:04,029 - INFO - HTTP Request: POST http://testserver/login "HTTP/1.1 200 OK"
2026-02-05 16:10:04,036 - INFO - HTTP Request: GET http://testserver/notes "HTTP/1.1 200 OK"
2026-02-05 16:11:07,805 - INFO - HTTP Request: POST http://testserver/register "HTTP/1.1 400 Bad Request"
2026-02-05 16:11:07,812 - INFO - HTTP Request: POST http://testserver/login "HTTP/1.1 200 OK"
2026-02-05 16:11:07,825 - INFO - HTTP Request: POST http://testserver/login "HTTP/1.1 200 OK"
2026-02-05 16:11:07,836 - INFO - HTTP Request: POST http://testserver/notes "HTTP/1.1 200 OK"
2026-02-05 16:11:07,843 - INFO - HTTP Request: POST http://testserver/login "HTTP/1.1 200 OK"
2026-02-05 16:11:07,855 - INFO - HTTP Request: GET http://testserver/notes "HTTP/1.1 200 OK"
2026-02-05 16:11:42,653 - INFO - HTTP Request: POST http://testserver/register "HTTP/1.1 400 Bad Request"
2026-02-05 16:11:42,659 - INFO - HTTP Request: POST http://testserver/login "HTTP/1.1 200 OK"
2026-02-05 16:11:42,671 - INFO - HTTP Request: POST http://testserver/login "HTTP/1.1 401 Unauthorized"
2026-02-05 16:11:42,810 - INFO - HTTP Request: POST http://testserver/login "HTTP/1.1 200 OK"
2026-02-05 16:11:42,819 - INFO - HTTP Request: POST http://testserver/notes "HTTP/1.1 200 OK"
2026-02-05 16:11:42,843 - INFO - HTTP Request: POST http://testserver/login "HTTP/1.1 200 OK"
2026-02-05 16:11:42,860 - INFO - HTTP Request: GET http://testserver/notes "HTTP/1.1 200 OK"
2026-02-05 16:12:57,747 - INFO - HTTP Request: POST http://testserver/register "HTTP/1.1 400 Bad Request"
2026-02-05 16:12:57,769 - INFO - HTTP Request: POST http://testserver/login "HTTP/1.1 200 OK"
2026-02-05 16:12:57,790 - INFO - HTTP Request: POST http://testserver/login "HTTP/1.1 200 OK"
2026-02-05 16:12:57,818 - INFO - HTTP Request: POST http://testserver/notes "HTTP/1.1 200 OK"
2026-02-05 16:12:57,844 - INFO - HTTP Request: POST http://testserver/login "HTTP/1.1 200 OK"
2026-02-05 16:12:57,862 - INFO - HTTP Request: GET http://testserver/notes "HTTP/1.1 200 OK"
2026-02-05 16:13:41,896 - INFO - HTTP Request: POST http://testserver/register "HTTP/1.1 400 Bad Request"
2026-02-05 16:13:41,902 - INFO - HTTP Request: POST http://testserver/login "HTTP/1.1 200 OK"
2026-02-05 16:13:41,910 - INFO - HTTP Request: POST http://testserver/login "HTTP/1.1 200 OK"
2026-02-05 16:13:41,920 - INFO - HTTP Request: POST http://testserver/notes "HTTP/1.1 200 OK"
2026-02-05 16:13:41,934 - INFO - HTTP Request: POST http://testserver/login "HTTP/1.1 200 OK"
2026-02-05 16:13:41,949 - INFO - HTTP Request: GET http://testserver/notes "HTTP/1.1 200 OK"
